<?xml version="1.0" encoding="UTF-8"?>
<!-- Generated by org.testng.reporters.JUnitReportReporter -->
<testsuite skipped="0" hostname="SHEIK" name="testcases.TC007_DeleteLead" tests="1" failures="0" timestamp="15 May 2018 17:50:47 GMT" time="25.550" errors="0">
  <testcase name="CreateLead" time="25.550" classname="testcases.TC007_DeleteLead"/>
</testsuite> <!-- testcases.TC007_DeleteLead -->
