<?xml version="1.0" encoding="UTF-8"?>
<!-- Generated by org.testng.reporters.JUnitReportReporter -->
<testsuite skipped="0" hostname="SHEIK" name="testcases.TC003_CreateLead" tests="2" failures="0" timestamp="20 May 2018 05:32:57 GMT" time="46.718" errors="0">
  <testcase name="CreateLead" time="20.875" classname="testcases.TC003_CreateLead"/>
  <testcase name="CreateLead" time="25.843" classname="testcases.TC003_CreateLead"/>
</testsuite> <!-- testcases.TC003_CreateLead -->
